<?xml version="1.0" encoding="UTF-8"?>
<testsuite name="com.auto.AutoTest" tests="1" skipped="0" failures="0" errors="0" timestamp="2020-03-22T12:47:59" hostname="chenyouhongde.local" time="0.625">
  <properties/>
  <testcase name="test1" classname="com.auto.AutoTest" time="0.625"/>
  <system-out><![CDATA[20:47:54.343 [Test worker] DEBUG org.springframework.test.context.junit4.SpringJUnit4ClassRunner - SpringJUnit4ClassRunner constructor called with [class com.auto.AutoTest]
20:47:54.358 [Test worker] DEBUG org.springframework.test.context.BootstrapUtils - Instantiating CacheAwareContextLoaderDelegate from class [org.springframework.test.context.cache.DefaultCacheAwareContextLoaderDelegate]
20:47:54.384 [Test worker] DEBUG org.springframework.test.context.BootstrapUtils - Instantiating BootstrapContext using constructor [public org.springframework.test.context.support.DefaultBootstrapContext(java.lang.Class,org.springframework.test.context.CacheAwareContextLoaderDelegate)]
20:47:54.524 [Test worker] DEBUG org.springframework.test.context.BootstrapUtils - Instantiating TestContextBootstrapper for test class [com.auto.AutoTest] from class [org.springframework.boot.test.context.SpringBootTestContextBootstrapper]
20:47:54.619 [Test worker] INFO org.springframework.boot.test.context.SpringBootTestContextBootstrapper - Neither @ContextConfiguration nor @ContextHierarchy found for test class [com.auto.AutoTest], using SpringBootContextLoader
20:47:54.638 [Test worker] DEBUG org.springframework.test.context.support.AbstractContextLoader - Did not detect default resource location for test class [com.auto.AutoTest]: class path resource [com/auto/AutoTest-context.xml] does not exist
20:47:54.639 [Test worker] DEBUG org.springframework.test.context.support.AbstractContextLoader - Did not detect default resource location for test class [com.auto.AutoTest]: class path resource [com/auto/AutoTestContext.groovy] does not exist
20:47:54.644 [Test worker] INFO org.springframework.test.context.support.AbstractContextLoader - Could not detect default resource locations for test class [com.auto.AutoTest]: no resource found for suffixes {-context.xml, Context.groovy}.
20:47:54.801 [Test worker] DEBUG org.springframework.test.context.support.ActiveProfilesUtils - Could not find an 'annotation declaring class' for annotation type [org.springframework.test.context.ActiveProfiles] and class [com.auto.AutoTest]
20:47:55.127 [Test worker] DEBUG org.springframework.boot.test.context.SpringBootTestContextBootstrapper - @TestExecutionListeners is not present for class [com.auto.AutoTest]: using defaults.
20:47:55.129 [Test worker] INFO org.springframework.boot.test.context.SpringBootTestContextBootstrapper - Loaded default TestExecutionListener class names from location [META-INF/spring.factories]: [org.springframework.boot.test.autoconfigure.restdocs.RestDocsTestExecutionListener, org.springframework.boot.test.autoconfigure.web.client.MockRestServiceServerResetTestExecutionListener, org.springframework.boot.test.autoconfigure.web.servlet.MockMvcPrintOnlyOnFailureTestExecutionListener, org.springframework.boot.test.autoconfigure.web.servlet.WebDriverTestExecutionListener, org.springframework.boot.test.mock.mockito.MockitoTestExecutionListener, org.springframework.boot.test.mock.mockito.ResetMocksTestExecutionListener, org.springframework.test.context.web.ServletTestExecutionListener, org.springframework.test.context.support.DirtiesContextBeforeModesTestExecutionListener, org.springframework.test.context.support.DependencyInjectionTestExecutionListener, org.springframework.test.context.support.DirtiesContextTestExecutionListener, org.springframework.test.context.transaction.TransactionalTestExecutionListener, org.springframework.test.context.jdbc.SqlScriptsTestExecutionListener, org.springframework.test.context.event.EventPublishingTestExecutionListener]
20:47:55.166 [Test worker] DEBUG org.springframework.boot.test.context.SpringBootTestContextBootstrapper - Skipping candidate TestExecutionListener [org.springframework.test.context.transaction.TransactionalTestExecutionListener] due to a missing dependency. Specify custom listener classes or make the default listener classes and their required dependencies available. Offending class: [org/springframework/transaction/interceptor/TransactionAttributeSource]
20:47:55.167 [Test worker] DEBUG org.springframework.boot.test.context.SpringBootTestContextBootstrapper - Skipping candidate TestExecutionListener [org.springframework.test.context.jdbc.SqlScriptsTestExecutionListener] due to a missing dependency. Specify custom listener classes or make the default listener classes and their required dependencies available. Offending class: [org/springframework/transaction/interceptor/TransactionAttribute]
20:47:55.168 [Test worker] INFO org.springframework.boot.test.context.SpringBootTestContextBootstrapper - Using TestExecutionListeners: [org.springframework.test.context.web.ServletTestExecutionListener@66ddd09e, org.springframework.test.context.support.DirtiesContextBeforeModesTestExecutionListener@6e130166, org.springframework.boot.test.mock.mockito.MockitoTestExecutionListener@693a2f98, org.springframework.boot.test.autoconfigure.SpringBootDependencyInjectionTestExecutionListener@7b66a9af, org.springframework.test.context.support.DirtiesContextTestExecutionListener@73b7df7d, org.springframework.test.context.event.EventPublishingTestExecutionListener@5d9e85c, org.springframework.boot.test.autoconfigure.restdocs.RestDocsTestExecutionListener@3d275190, org.springframework.boot.test.autoconfigure.web.client.MockRestServiceServerResetTestExecutionListener@7342ac4a, org.springframework.boot.test.autoconfigure.web.servlet.MockMvcPrintOnlyOnFailureTestExecutionListener@3e43d968, org.springframework.boot.test.autoconfigure.web.servlet.WebDriverTestExecutionListener@74924df4, org.springframework.boot.test.mock.mockito.ResetMocksTestExecutionListener@733e3927]
20:47:55.182 [Test worker] DEBUG org.springframework.test.annotation.ProfileValueUtils - Retrieved @ProfileValueSourceConfiguration [null] for test class [com.auto.AutoTest]
20:47:55.187 [Test worker] DEBUG org.springframework.test.annotation.ProfileValueUtils - Retrieved ProfileValueSource type [class org.springframework.test.annotation.SystemProfileValueSource] for class [com.auto.AutoTest]
20:47:55.189 [Test worker] DEBUG org.springframework.test.annotation.ProfileValueUtils - Retrieved @ProfileValueSourceConfiguration [null] for test class [com.auto.AutoTest]
20:47:55.190 [Test worker] DEBUG org.springframework.test.annotation.ProfileValueUtils - Retrieved ProfileValueSource type [class org.springframework.test.annotation.SystemProfileValueSource] for class [com.auto.AutoTest]
20:47:55.192 [Test worker] DEBUG org.springframework.test.annotation.ProfileValueUtils - Retrieved @ProfileValueSourceConfiguration [null] for test class [com.auto.AutoTest]
20:47:55.193 [Test worker] DEBUG org.springframework.test.annotation.ProfileValueUtils - Retrieved ProfileValueSource type [class org.springframework.test.annotation.SystemProfileValueSource] for class [com.auto.AutoTest]
20:47:55.202 [Test worker] DEBUG org.springframework.test.context.support.AbstractDirtiesContextTestExecutionListener - Before test class: context [DefaultTestContext@2a1daa18 testClass = AutoTest, testInstance = [null], testMethod = [null], testException = [null], mergedContextConfiguration = [WebMergedContextConfiguration@23983dfb testClass = AutoTest, locations = '{}', classes = '{class com.auto.SpringbootStarterDemoApplication, class com.auto.SpringbootStarterDemoApplication}', contextInitializerClasses = '[]', activeProfiles = '{}', propertySourceLocations = '{}', propertySourceProperties = '{org.springframework.boot.test.context.SpringBootTestContextBootstrapper=true}', contextCustomizers = set[org.springframework.boot.test.autoconfigure.properties.PropertyMappingContextCustomizer@0, org.springframework.boot.test.autoconfigure.web.servlet.WebDriverContextCustomizerFactory$Customizer@3a77c043, org.springframework.boot.test.context.filter.ExcludeFilterContextCustomizer@2d1c44c9, org.springframework.boot.test.json.DuplicateJsonObjectContextCustomizerFactory$DuplicateJsonObjectContextCustomizer@5ce1d10e, org.springframework.boot.test.mock.mockito.MockitoContextCustomizer@0, org.springframework.boot.test.web.client.TestRestTemplateContextCustomizer@60d5f6b3], resourceBasePath = 'src/main/webapp', contextLoader = 'org.springframework.boot.test.context.SpringBootContextLoader', parent = [null]], attributes = map['org.springframework.test.context.web.ServletTestExecutionListener.activateListener' -> true]], class annotated with @DirtiesContext [false] with mode [null].
20:47:55.205 [Test worker] DEBUG org.springframework.test.annotation.ProfileValueUtils - Retrieved @ProfileValueSourceConfiguration [null] for test class [com.auto.AutoTest]
20:47:55.205 [Test worker] DEBUG org.springframework.test.annotation.ProfileValueUtils - Retrieved ProfileValueSource type [class org.springframework.test.annotation.SystemProfileValueSource] for class [com.auto.AutoTest]
20:47:55.281 [Test worker] DEBUG org.springframework.test.context.support.TestPropertySourceUtils - Adding inlined properties to environment: {spring.jmx.enabled=false, org.springframework.boot.test.context.SpringBootTestContextBootstrapper=true, server.port=-1}

  .   ____          _            __ _ _
 /\\ / ___'_ __ _ _(_)_ __  __ _ \ \ \ \
( ( )\___ | '_ | '_| | '_ \/ _` | \ \ \ \
 \\/  ___)| |_)| | | | | || (_| |  ) ) ) )
  '  |____| .__|_| |_|_| |_\__, | / / / /
 =========|_|==============|___/=/_/_/_/
 :: Spring Boot ::        (v2.2.5.RELEASE)

2020-03-22 20:47:56.271  INFO 33652 --- [    Test worker] com.auto.AutoTest                        : Starting AutoTest on chenyouhongde.local with PID 33652 (started by PC in /Users/PC/Desktop/firm/auto-configuration)
2020-03-22 20:47:56.273  INFO 33652 --- [    Test worker] com.auto.AutoTest                        : No active profile set, falling back to default profiles: default
2020-03-22 20:47:59.074  INFO 33652 --- [    Test worker] o.s.s.concurrent.ThreadPoolTaskExecutor  : Initializing ExecutorService 'applicationTaskExecutor'
2020-03-22 20:47:59.688  INFO 33652 --- [    Test worker] com.auto.AutoTest                        : Started AutoTest in 4.375 seconds (JVM running for 6.32)
=========
begin:Execute format<br/>HelloProperties:StringFormatProcessor:DemoProperties(style=null, code=null, name=null)<br/>Obj format result:StringFormatProcessor:com.auto.configuration.User@42c23a09<br/>
]]></system-out>
  <system-err><![CDATA[]]></system-err>
</testsuite>
